                       1      1 ;	PAGE 66
                       2      2 ;	TITLE 'Z80 Opcodes in Alphabetical Order'
                       3      3 ;Z80 Opcode Listing
                       4      4 ;Z-80 CPU Instruction Set
                       5      5 
                       6      6 ;new 14/feb 2000
                       7      7 ;Revised 05-May-2019 by Geoff Joy
                       8      8 ;Assembling with zz80asm but others may work.
                       9      9 
                      10     10 ;This page *was* located "http://www.geocities.com/SiliconValley/Peaks/3938/".
                      11     11 ;It can now be found at "http://zed80.com/Z80-RETRO/Resources/Z80_Programming/Z80-Instructions.txt"
                      12     12 
                      13     13 ;	----   ---    ----------- ---
                      14     14 ;	opcode         t-states   explanation
                      15     15 
                      16     16 	org	0000h
0008                  17     17 DD	EQU	08H
0002                  18     18 n	EQU	02H
DEAD                  19     19 nn	EQU	0DEADH
                      20     20 
                      21     21 ;	ADC   A,r       ;4 Add with carry register r to accumulator.
0000  88              22     22 	ADC   A,B
0001  89              23     23 	ADC   A,C
0002  8A              24     24 	ADC   A,D
0003  8B              25     25 	ADC   A,E
0004  8C              26     26 	ADC   A,H
0005  8D              27     27 	ADC   A,L
0006  8E              28     28 	ADC   A,(HL)    ;7 Add with carry location (HL) to acccumulator.
0007  8F              29     29 	ADC   A,A
                      30     30 
0008  CE 02           31     31 	ADC   A,n       ;7 Add with carry value n to accumulator.
000A  DD 8E 08        32     32 	ADC   A,(IX+DD) ;19 Add with carry location (IX+DD) to accumulator.
000D  FD 8E 08        33     33 	ADC   A,(IY+DD) ;19 Add with carry location (IY + DD) to accumulator.
                      34     34 
0010  ED 4A           35     35 	ADC   HL,BC     ;15 Add with carry register pair BC to HL.
0012  ED 5A           36     36 	ADC   HL,DE     ;15 Add with carry register pair DE to HL.
0014  ED 6A           37     37 	ADC   HL,HL     ;15 Add with carry register pair HL to HL.
0016  ED 7A           38     38 	ADC   HL,SP     ;15 Add with carry register pair SP to HL.
                      39     39 
                      40     40 ;	ADD   A,r       ;4 Add register r to accumulator.
0018  80              41     41 	ADD   A,B
0019  81              42     42 	ADD   A,C
001A  82              43     43 	ADD   A,D
001B  83              44     44 	ADD   A,E
001C  84              45     45 	ADD   A,H
001D  85              46     46 	ADD   A,L
001E  86              47     47 	ADD   A,(HL)    ;7 Add location (HL) to acccumulator.
001F  87              48     48 	ADD   A,A
                      49     49 
0020  C6 02           50     50 	ADD   A,n       ;7 Add value n to accumulator.
0022  DD 86 08        51     51 	ADD   A,(IX+DD) ;19 Add location (IX+DD) to accumulator.
0025  FD 86 08        52     52 	ADD   A,(IY+DD) ;19 Add location (IY + DD) to accumulator.
                      53     53 
0028  09              54     54 	ADD   HL,BC     ;11 Add register pair BC to HL.
0029  19              55     55 	ADD   HL,DE     ;11 Add register pair DE to HL.
002A  29              56     56 	ADD   HL,HL     ;11 Add register pair HL to HL.
002B  39              57     57 	ADD   HL,SP     ;11 Add register pair SP to HL.
                      58     58 
002C  DD 09           59     59 	ADD   IX,BC     ;15 Add register pair BC to IX.
002E  DD 19           60     60 	ADD   IX,DE     ;15 Add register pair DE to IX.
0030  DD 29           61     61 	ADD   IX,IX     ;15 Add register pair IX to IX.
0032  DD 39           62     62 	ADD   IX,SP     ;15 Add register pair SP to IX.
                      63     63 
0034  FD 09           64     64 	ADD   IY,BC     ;15 Add register pair BC to IY.
0036  FD 19           65     65 	ADD   IY,DE     ;15 Add register pair DE to IY.
0038  FD 29           66     66 	ADD   IY,IY     ;15 Add register pair IY to IY.
003A  FD 39           67     67 	ADD   IY,SP     ;15 Add register pair SP to IY.
                      68     68 
                      69     69 ;	AND   r         ; 4 Logical AND of register r to accumulator.
003C  A0              70     70 	AND   B
003D  A1              71     71 	AND   C
003E  A2              72     72 	AND   D
003F  A3              73     73 	AND   E
0040  A4              74     74 	AND   H
0041  A5              75     75 	AND   L
0042  A6              76     76 	AND   (HL)      ; 7 Logical AND of value at location (HL) to accumulator.
0043  A7              77     77 	AND   A
                      78     78 
0044  E6 02           79     79 	AND   n         ; 7 Logical AND of value n to accumulator.
0046  DD A6 08        80     80 	AND   (IX+DD)   ;19 Logical AND of value at location (IX+DD) to accumulator.
0049  FD A6 08        81     81 	AND   (IY+DD)   ;19 Logical AND of value at location (IY + DD) to accumulator.
                      82     82 
                      83     83 ;	BIT   b,(IX+DD) ;20 Test bit b of location (IX+DD).
004C  DD CB 08 46     84     84 	BIT   0,(IX+DD)
0050  DD CB 08 4E     85     85 	BIT   1,(IX+DD)
0054  DD CB 08 56     86     86 	BIT   2,(IX+DD)
0058  DD CB 08 5E     87     87 	BIT   3,(IX+DD)
005C  DD CB 08 66     88     88 	BIT   4,(IX+DD)
0060  DD CB 08 6E     89     89 	BIT   5,(IX+DD)
0064  DD CB 08 76     90     90 	BIT   6,(IX+DD)
0068  DD CB 08 7E     91     91 	BIT   7,(IX+DD)
                      92     92 
                      93     93 ;	BIT   b,(IY+DD) ;20 Test bit b of location (IY+DD).
006C  FD CB 08 46     94     94 	BIT   0,(IY+DD)
0070  FD CB 08 4E     95     95 	BIT   1,(IY+DD)
0074  FD CB 08 56     96     96 	BIT   2,(IY+DD)
0078  FD CB 08 5E     97     97 	BIT   3,(IY+DD)
007C  FD CB 08 66     98     98 	BIT   4,(IY+DD)
0080  FD CB 08 6E     99     99 	BIT   5,(IY+DD)
0084  FD CB 08 76    100    100 	BIT   6,(IY+DD)
0088  FD CB 08 7E    101    101 	BIT   7,(IY+DD)
                     102    102 
                     103    103 ;	BIT   b,r       ; 8 Test bit b of register r.
008C  CB 40          104    104 	BIT   0,B
008E  CB 48          105    105 	BIT   1,B
0090  CB 50          106    106 	BIT   2,B
0092  CB 58          107    107 	BIT   3,B
0094  CB 60          108    108 	BIT   4,B
0096  CB 68          109    109 	BIT   5,B
0098  CB 70          110    110 	BIT   6,B
009A  CB 78          111    111 	BIT   7,B
                     112    112 
009C  CB 41          113    113 	BIT   0,C
009E  CB 49          114    114 	BIT   1,C
00A0  CB 51          115    115 	BIT   2,C
00A2  CB 59          116    116 	BIT   3,C
00A4  CB 61          117    117 	BIT   4,C
00A6  CB 69          118    118 	BIT   5,C
00A8  CB 71          119    119 	BIT   6,C
00AA  CB 79          120    120 	BIT   7,C
                     121    121 
00AC  CB 42          122    122 	BIT   0,D
00AE  CB 4A          123    123 	BIT   1,D
00B0  CB 52          124    124 	BIT   2,D
00B2  CB 5A          125    125 	BIT   3,D
00B4  CB 62          126    126 	BIT   4,D
00B6  CB 6A          127    127 	BIT   5,D
00B8  CB 72          128    128 	BIT   6,D
00BA  CB 7A          129    129 	BIT   7,D
                     130    130 
00BC  CB 43          131    131 	BIT   0,E
00BE  CB 4B          132    132 	BIT   1,E
00C0  CB 53          133    133 	BIT   2,E
00C2  CB 5B          134    134 	BIT   3,E
00C4  CB 63          135    135 	BIT   4,E
00C6  CB 6B          136    136 	BIT   5,E
00C8  CB 73          137    137 	BIT   6,E
00CA  CB 7B          138    138 	BIT   7,E
                     139    139 
                     140    140 ;	BIT   b,(HL)    ;12 Test bit b of location (HL).
00CC  CB 46          141    141 	BIT   0,(HL)
00CE  CB 4E          142    142 	BIT   1,(HL)
00D0  CB 56          143    143 	BIT   2,(HL)
00D2  CB 5E          144    144 	BIT   3,(HL)
00D4  CB 66          145    145 	BIT   4,(HL)
00D6  CB 6E          146    146 	BIT   5,(HL)
00D8  CB 76          147    147 	BIT   6,(HL)
00DA  CB 7E          148    148 	BIT   7,(HL)
                     149    149 
00DC  CB 47          150    150 	BIT   0,A
00DE  CB 4F          151    151 	BIT   1,A
00E0  CB 57          152    152 	BIT   2,A
00E2  CB 5F          153    153 	BIT   3,A
00E4  CB 67          154    154 	BIT   4,A
00E6  CB 6F          155    155 	BIT   5,A
00E8  CB 77          156    156 	BIT   6,A
00EA  CB 7F          157    157 	BIT   7,A
                     158    158 
00EC  CD AD DE       159    159 	CALL  nn        ;17 Call subroutine at location.
                     160    160 ;	CALL  cc,nn     ;17, 10 Call subroutine at location nn if condition CC is true.
00EF  DC AD DE       161    161 	CALL  C,nn
00F2  D4 AD DE       162    162 	CALL  NC,nn
00F5  FC AD DE       163    163 	CALL  M,nn
00F8  F4 AD DE       164    164 	CALL  P,nn
00FB  EC AD DE       165    165 	CALL  PE,nn
00FE  E4 AD DE       166    166 	CALL  PO,nn
0101  CC AD DE       167    167 	CALL  Z,nn
0104  C4 AD DE       168    168 	CALL  NZ,nn
0107  3F             169    169 	CCF             ; 4 Complement carry flag.
                     170    170 
                     171    171 ;	CP    r         ; 4 Compare register r with accumulator.
0108  B8             172    172 	CP    B
0109  B9             173    173 	CP    C
010A  BA             174    174 	CP    D
010B  BB             175    175 	CP    E
010C  BC             176    176 	CP    H
010D  BD             177    177 	CP    L
010E  BE             178    178 	CP    (HL)      ; 7 Compare value at location (HL) with accumulator.
010F  BF             179    179 	CP    A
                     180    180 
                     181    181 ;	CP    n         ; 7 Compare value n with accumulator.
0110  FE 00          182    182 	CP    0
0112  FE FF          183    183 	CP    0FFH
0114  DD BE 08       184    184 	CP    (IX+DD)   ;19 Compare value at location (IX+DD) with accumulator.
0117  FD BE 08       185    185 	CP    (IY+DD)   ;19 Compare value at location (IY+DD) with accumulator.
                     186    186 
011A  ED A9          187    187 	CPD             ;16 Comapre location (HL) and acc., decrement HL and BC,
011C  ED B9          188    188 	CPDR            ;21,16 Perform a CPD and repeat until BC=0.
011E  ED A1          189    189 	CPI             ;16 Compare location (HL) and acc., incr HL, decr BC.
0120  ED B1          190    190 	CPIR            ;21,16 Perform a CPI and repeat until BC=0.
0122  2F             191    191 	CPL             ; 4 Complement accumulator (1's complement).
0123  27             192    192 	DAA             ; 4 Decimal adjust accumulator.
                     193    193 
                     194    194 ;	DEC   r         ; 4 Decrement register r.
0124  05             195    195 	DEC   B
0125  0D             196    196 	DEC   C
0126  15             197    197 	DEC   D
0127  1D             198    198 	DEC   E
0128  25             199    199 	DEC   H
0129  2D             200    200 	DEC   L
012A  35             201    201 	DEC   (HL)      ;11 Decrement value at location (HL).
012B  3D             202    202 	DEC   A
                     203    203 
012C  DD 35 08       204    204 	DEC   (IX+DD)   ;23 Decrement value at location (IX+DD).
012F  FD 35 08       205    205 	DEC   (IY+DD)   ;23 Decrement value at location (IY+DD).
                     206    206 
0132  DD 2B          207    207 	DEC   IX        ;10 Decrement IX.
0134  FD 2B          208    208 	DEC   IY        ;10 Decrement IY.
0136  0B             209    209 	DEC   BC        ; 6 Decrement register pair BC.
0137  1B             210    210 	DEC   DE        ; 6 Decrement register pair DE.
0138  2B             211    211 	DEC   HL        ; 6 Decrement register pair HL.
0139  3B             212    212 	DEC   SP        ; 6 Decrement register pair SP.
                     213    213 
013A  F3             214    214 	DI              ; 4 Disable interrupts. (except NMI at 0066h)
                     215    215 
                     216    216 TAG0:
                     217    217 ;	DJNZ  n         ;13,8 Decrement B and jump relative if B<>0.
013B  10 FE          218    218 	DJNZ   TAG0
                     219    219 
013D  FB             220    220 	EI              ; 4 Enable interrupts.
013E  E3             221    221 	EX    (SP),HL   ;19 Exchange the location (SP) and HL.
013F  DD E3          222    222 	EX    (SP),IX   ;23 Exchange the location (SP) and IX.
0141  FD E3          223    223 	EX    (SP),IY   ;23 Exchange the location (SP) and IY.
0143  08             224    224 	EX    AF,AF'    ; 4 Exchange the contents of AF and AF'.
0144  EB             225    225 	EX    DE,HL     ; 4 Exchange the contents of DE and HL.
0145  D9             226    226 	EXX             ; 4 Exchange the contents of BC,DE,HL with BC',DE',HL'.
0146  76             227    227 	HALT            ; 4 Halt computer and wait for interrupt.
0147  ED 46          228    228 	IM    0         ; 8 Set interrupt mode 0. (instruction on data bus by int device)
0149  ED 56          229    229 	IM    1         ; 8 Set interrupt mode 1. (rst 38)
014B  ED 5E          230    230 	IM    2         ; 8 Set interrupt mode 2. (vector jump)
                     231    231 
014D  DB 02          232    232 	IN    A,(n)     ;11 Load the accumulator with input from device n.
                     233    233 ;	IN    r,(c)     ;12 Load the register r with input from device (C).
014F  ED 40          234    234 	IN    B,(C)
0151  ED 48          235    235 	IN    C,(C)
0153  ED 50          236    236 	IN    D,(C)
0155  ED 58          237    237 	IN    E,(C)
0157  ED 60          238    238 	IN    H,(C)
0159  ED 68          239    239 	IN    L,(C)
015B  ED 78          240    240 	IN    A,(C)
                     241    241 
                     242    242 ;	INC   r         ; 4 Increment register r.
015D  04             243    243 	INC   B
015E  0C             244    244 	INC   C
015F  14             245    245 	INC   D
0160  1C             246    246 	INC   E
0161  24             247    247 	INC   H
0162  2C             248    248 	INC   L
0163  34             249    249 	INC   (HL)      ;11 Increment location (HL).
0164  3C             250    250 	INC   A
                     251    251 
0165  DD 34 08       252    252 	INC   (IX+DD)   ;23 Increment location (IX+DD).
0168  FD 34 08       253    253 	INC   (IY+DD)   ;23 Increment location (IY+DD).
                     254    254 
016B  DD 23          255    255 	INC   IX        ;10 Increment IX.
016D  FD 23          256    256 	INC   IY        ;10 Increment IY.
016F  03             257    257 	INC   BC        ; 6 Increment register pair BC.
0170  13             258    258 	INC   DE        ; 6 Increment register pair DE.
0171  23             259    259 	INC   HL        ; 6 Increment register pair HL.
0172  33             260    260 	INC   SP        ; 6 Increment register pair SP.
                     261    261 
0173  ED AA          262    262 	IND             ;16 (HL)=Input from port (C). Decrement HL and B.
0175  ED BA          263    263 	INDR            ;21,16 Perform an IND and repeat until B=0.
0177  ED A2          264    264 	INI             ;16 (HL)=Input from port (C). HL=HL+1. B=B-1.
0179  ED B2          265    265 	INIR            ;21,16 Perform an INI and repeat until B=0.
                     266    266 
017B  C3 AD DE       267    267 	JP    nn        ;10 Unconditional jump to location nn
                     268    268 ;	JP    cc,nn     ;10 Jump to location nn if condition cc is true.
017E  DA AD DE       269    269 	JP    C,nn
0181  D2 AD DE       270    270 	JP    NC,nn
0184  FA AD DE       271    271 	JP    M,nn
0187  F2 AD DE       272    272 	JP    P,nn
018A  EA AD DE       273    273 	JP    PE,nn
018D  E2 AD DE       274    274 	JP    PO,nn
0190  CA AD DE       275    275 	JP    Z,nn
0193  C2 AD DE       276    276 	JP    NZ,nn
                     277    277 
0196  E9             278    278 	JP    (HL)      ; 4 Unconditional jump to location (HL).
0197  DD E9          279    279 	JP    (IX)      ; 8 Unconditional jump to location (IX).
0199  FD E9          280    280 	JP    (IY)      ; 8 Unconditional jump to location (IY).
                     281    281 
                     282    282 TAG1:
                     283    283 ;	JR    C,n       ;12,7 Jump relative to PC+n if carry=1.
019B  38 FE          284    284 	JR    C,TAG1
                     285    285 
                     286    286 ;	JR    n         ;12 Unconditional jump relative to PC+n.
019D  18 FC          287    287 	JR    TAG1
                     288    288 ;	JR    NC,n      ;12,7 Jump relative to PC+n if carry=0.
019F  30 FA          289    289 	JR    NC, TAG1
                     290    290 
                     291    291 ;	JR    NZ,n      ;12,7 Jump relative to PC+n if non zero (Z=0).
01A1  20 F8          292    292 	JR    NZ, TAG1
                     293    293 ;	JR    Z,n       ;12,7 Jump relative to PC+n if zero (Z=1).
01A3  28 F6          294    294 	JR    Z, TAG1
                     295    295 
01A5  0A             296    296 	LD    A,(BC)    ; 7 Load accumulator with value at location (BC).
01A6  1A             297    297 	LD    A,(DE)    ; 7 Load accumulator with value at location (DE).
01A7  ED 57          298    298 	LD    A,I       ; 9 Load accumulator with I.(interrupt vector register)
01A9  3A AD DE       299    299 	LD    A,(nn)    ;13 Load accumulator with value at location nn.
01AC  ED 5F          300    300 	LD    A,R       ; 9 Load accumulator with R.(memory refresh register)
01AE  02             301    301 	LD    (BC),A    ; 7 Load location (BC) with accumulator.
01AF  12             302    302 	LD    (DE),A    ; 7 Load location (DE) with accumulator.
01B0  36 02          303    303 	LD    (HL),n    ;10 Load location (HL) with value n.
01B2  DD 36 08 02    304    304 	LD    (IX+DD),n ;19 Load location (IX+DD) with value n.
01B6  FD 36 08 02    305    305 	LD    (IY+DD),n ;19 Load location (IY+DD) with value n.
01BA  32 AD DE       306    306 	LD    (nn),A    ;13 Load location (nn) with accumulator.
                     307    307 
01BD  ED 43 AD DE    308    308 	LD    (nn),BC   ;20 Load location (nn) with register pair BC.
01C1  ED 53 AD DE    309    309 	LD    (nn),DE   ;20 Load location (nn) with register pair DE.
01C5  22 AD DE       310    310 	LD    (nn),HL   ;16 Load location (nn) with HL.
01C8  ED 73 AD DE    311    311 	LD    (nn),SP   ;20 Load location (nn) with register pair SP.
                     312    312 
01CC  DD 22 AD DE    313    313 	LD    (nn),IX   ;20 Load location (nn) with IX.
01D0  FD 22 AD DE    314    314 	LD    (nn),IY   ;20 Load location (nn) with IY.
                     315    315 
01D4  01 AD DE       316    316 	LD    BC,nn     ;10 Load register pair BC with nn.
01D7  11 AD DE       317    317 	LD    DE,nn     ;10 Load register pair DE with nn.
01DA  21 AD DE       318    318 	LD    HL,nn     ;10 Load register pair HL with nn.
01DD  31 AD DE       319    319 	LD    SP,nn     ;10 Load register pair SP with nn.
                     320    320 
01E0  ED 4B AD DE    321    321 	LD    BC,(nn)   ;20 Load register pair BC with value at location (nn).
01E4  ED 5B AD DE    322    322 	LD    DE,(nn)   ;20 Load register pair DE with value at location (nn).
01E8  2A AD DE       323    323 	LD    HL,(nn)   ;16 Load HL with value at location (nn). (L-first)
01EB  ED 7B AD DE    324    324 	LD    SP,(nn)   ;20 Load register pair SP with value at location (nn).
                     325    325 
                     326    326 ;	LD    (HL),r    ; 7 Load location (HL) with register r.
01EF  70             327    327 	LD    (HL),B
01F0  71             328    328 	LD    (HL),C
01F1  72             329    329 	LD    (HL),D
01F2  73             330    330 	LD    (HL),E
01F3  74             331    331 	LD    (HL),H
01F4  75             332    332 	LD    (HL),L
01F5  77             333    333 	LD    (HL),A
                     334    334 
                     335    335 ;	LD    (IX+DD),r ;19 Load location (IX+DD) with register r.
01F6  DD 70 08       336    336 	LD    (IX+DD),B
01F9  DD 71 08       337    337 	LD    (IX+DD),C
01FC  DD 72 08       338    338 	LD    (IX+DD),D
01FF  DD 73 08       339    339 	LD    (IX+DD),E
0202  DD 74 08       340    340 	LD    (IX+DD),H
0205  DD 75 08       341    341 	LD    (IX+DD),L
0208  DD 77 08       342    342 	LD    (IX+DD),A
                     343    343 
                     344    344 ;	LD    (IY+DD),r ;19 Load location (IY+DD) with register r.
020B  FD 70 08       345    345 	LD    (IY+DD),B
020E  FD 71 08       346    346 	LD    (IY+DD),C
0211  FD 72 08       347    347 	LD    (IY+DD),D
0214  FD 73 08       348    348 	LD    (IY+DD),E
0217  FD 74 08       349    349 	LD    (IY+DD),H
021A  FD 75 08       350    350 	LD    (IY+DD),L
021D  FD 77 08       351    351 	LD    (IY+DD),A
                     352    352 
0220  ED 47          353    353 	LD    I,A       ; 9 Load I with accumulator.
0222  DD 21 AD DE    354    354 	LD    IX,nn     ;14 Load IX with value nn.
0226  DD 2A AD DE    355    355 	LD    IX,(nn)   ;20 Load IX with value at location (nn).
022A  FD 21 AD DE    356    356 	LD    IY,nn     ;14 Load IY with value nn.
022E  FD 2A AD DE    357    357 	LD    IY,(nn)   ;20 Load IY with value at location (nn).
0232  ED 4F          358    358 	LD    R,A       ; 9 Load R with accumulator.
                     359    359 
                     360    360 ;	LD    r,(HL)    ; 7 Load register r with value at location (HL).
0234  46             361    361 	LD    B,(HL)
0235  4E             362    362 	LD    C,(HL)
0236  56             363    363 	LD    D,(HL)
0237  5E             364    364 	LD    E,(HL)
0238  66             365    365 	LD    H,(HL)
0239  6E             366    366 	LD    L,(HL)
023A  7E             367    367 	LD    A,(HL)
                     368    368 
                     369    369 ;	LD    r,(IX+DD) ;19 Load register r with value at location (IX+DD).
023B  DD 46 08       370    370 	LD    B,(IX+DD)
023E  DD 4E 08       371    371 	LD    C,(IX+DD)
0241  DD 56 08       372    372 	LD    D,(IX+DD)
0244  DD 5E 08       373    373 	LD    E,(IX+DD)
0247  DD 66 08       374    374 	LD    H,(IX+DD)
024A  DD 6E 08       375    375 	LD    L,(IX+DD)
024D  DD 7E 08       376    376 	LD    A,(IX+DD)
                     377    377 
                     378    378 ;	LD    r,(IY+DD) ;19 Load register r with value at location (IY+DD).
0250  FD 46 08       379    379 	LD    B,(IY+DD)
0253  FD 4E 08       380    380 	LD    C,(IY+DD)
0256  FD 56 08       381    381 	LD    D,(IY+DD)
0259  FD 5E 08       382    382 	LD    E,(IY+DD)
025C  FD 66 08       383    383 	LD    H,(IY+DD)
025F  FD 6E 08       384    384 	LD    L,(IY+DD)
0262  FD 7E 08       385    385 	LD    A,(IY+DD)
                     386    386 
                     387    387 ;	LD    r,n       ; 7 Load register r with value n.
0265  06 00          388    388 	LD    B,0
0267  06 01          389    389 	LD    B,1
0269  06 02          390    390 	LD    B,2
026B  06 03          391    391 	LD    B,3
026D  06 04          392    392 	LD    B,4
026F  06 05          393    393 	LD    B,5
0271  06 06          394    394 	LD    B,6
                     395    395 
0273  0E 00          396    396 	LD    C,0
0275  0E 01          397    397 	LD    C,1
0277  0E 02          398    398 	LD    C,2
0279  0E 03          399    399 	LD    C,3
027B  0E 04          400    400 	LD    C,4
027D  0E 05          401    401 	LD    C,5
027F  0E 06          402    402 	LD    C,6
                     403    403 
0281  16 00          404    404 	LD    D,0
0283  16 01          405    405 	LD    D,1
0285  16 02          406    406 	LD    D,2
0287  16 03          407    407 	LD    D,3
0289  16 04          408    408 	LD    D,4
028B  16 05          409    409 	LD    D,5
028D  16 06          410    410 	LD    D,6
                     411    411 
028F  1E 00          412    412 	LD    E,0
0291  1E 01          413    413 	LD    E,1
0293  1E 02          414    414 	LD    E,2
0295  1E 03          415    415 	LD    E,3
0297  1E 04          416    416 	LD    E,4
0299  1E 05          417    417 	LD    E,5
029B  1E 06          418    418 	LD    E,6
                     419    419 
029D  26 00          420    420 	LD    H,0
029F  26 01          421    421 	LD    H,1
02A1  26 02          422    422 	LD    H,2
02A3  26 03          423    423 	LD    H,3
02A5  26 04          424    424 	LD    H,4
02A7  26 05          425    425 	LD    H,5
02A9  26 06          426    426 	LD    H,6
                     427    427 
02AB  2E 00          428    428 	LD    L,0
02AD  2E 01          429    429 	LD    L,1
02AF  2E 02          430    430 	LD    L,2
02B1  2E 03          431    431 	LD    L,3
02B3  2E 04          432    432 	LD    L,4
02B5  2E 05          433    433 	LD    L,5
02B7  2E 06          434    434 	LD    L,6
                     435    435 
02B9  3E 00          436    436 	LD    A,0
02BB  3E 01          437    437 	LD    A,1
02BD  3E 02          438    438 	LD    A,2
02BF  3E 03          439    439 	LD    A,3
02C1  3E 04          440    440 	LD    A,4
02C3  3E 05          441    441 	LD    A,5
02C5  3E 06          442    442 	LD    A,6
                     443    443 
                     444    444 ;	LD    r,r'      ; 4 Load register r with register r'.
02C7  78             445    445 	LD    A,B
02C8  79             446    446 	LD    A,C
02C9  7A             447    447 	LD    A,D
02CA  7B             448    448 	LD    A,E
02CB  7C             449    449 	LD    A,H
02CC  7D             450    450 	LD    A,L
02CD  7F             451    451 	LD    A,A
                     452    452 
02CE  40             453    453 	LD    B,B
02CF  41             454    454 	LD    B,C
02D0  42             455    455 	LD    B,D
02D1  43             456    456 	LD    B,E
02D2  44             457    457 	LD    B,H
02D3  45             458    458 	LD    B,L
02D4  47             459    459 	LD    B,A
                     460    460 
02D5  48             461    461 	LD    C,B
02D6  49             462    462 	LD    C,C
02D7  4A             463    463 	LD    C,D
02D8  4B             464    464 	LD    C,E
02D9  4C             465    465 	LD    C,H
02DA  4D             466    466 	LD    C,L
02DB  4F             467    467 	LD    C,A
                     468    468 
02DC  50             469    469 	LD    D,B
02DD  51             470    470 	LD    D,C
02DE  52             471    471 	LD    D,D
02DF  53             472    472 	LD    D,E
02E0  54             473    473 	LD    D,H
02E1  55             474    474 	LD    D,L
02E2  57             475    475 	LD    D,A
                     476    476 
02E3  58             477    477 	LD    E,B
02E4  59             478    478 	LD    E,C
02E5  5A             479    479 	LD    E,D
02E6  5B             480    480 	LD    E,E
02E7  5C             481    481 	LD    E,H
02E8  5D             482    482 	LD    E,L
02E9  5F             483    483 	LD    E,A
                     484    484 
02EA  60             485    485 	LD    H,B
02EB  61             486    486 	LD    H,C
02EC  62             487    487 	LD    H,D
02ED  63             488    488 	LD    H,E
02EE  64             489    489 	LD    H,H
02EF  65             490    490 	LD    H,L
02F0  67             491    491 	LD    H,A
                     492    492 
02F1  68             493    493 	LD    L,B
02F2  69             494    494 	LD    L,C
02F3  6A             495    495 	LD    L,D
02F4  6B             496    496 	LD    L,E
02F5  6C             497    497 	LD    L,H
02F6  6D             498    498 	LD    L,L
02F7  6F             499    499 	LD    L,A
                     500    500 
02F8  F9             501    501 	LD    SP,HL     ; 6 Load SP with HL.
02F9  DD F9          502    502 	LD    SP,IX     ;10 Load SP with IX.
02FB  FD F9          503    503 	LD    SP,IY     ;10 Load SP with IY.
02FD  ED A8          504    504 	LDD             ;16 Load location (DE) with location (HL), decrement DE,HL,BC.
02FF  ED B8          505    505 	LDDR            ;21,16 Perform an LDD and repeat until BC=0.
0301  ED A0          506    506 	LDI             ;16 Load location (DE) with location (HL), incr DE,HL; decr BC.
0303  ED B0          507    507 	LDIR            ;21,17 Perform an LDI and repeat until BC=0.
0305  ED 44          508    508 	NEG             ; 8 Negate accumulator (2's complement).
0307  00             509    509 	NOP             ; 4 No operation.
                     510    510 
                     511    511 ;	OR    r         ; 4 Logical OR of register r and accumulator.
0308  B0             512    512 	OR    B
0309  B1             513    513 	OR    C
030A  B2             514    514 	OR    D
030B  B3             515    515 	OR    E
030C  B4             516    516 	OR    H
030D  B5             517    517 	OR    L
030E  B6             518    518 	OR    (HL)      ; 7 Logical OR of value at location (HL) and accumulator.
030F  B7             519    519 	OR    A
                     520    520 
0310  DD B6 08       521    521 	OR    (IX+DD)   ;19 Logical OR of value at location (IX+DD) and accumulator.
0313  FD B6 08       522    522 	OR    (IY+DD)   ;19 Logical OR of value at location (IY+DD) and accumulator.
                     523    523 
                     524    524 ;	OR    n         ; 7 Logical OR of value n and accumulator.
0316  F6 01          525    525 	OR    1
0318  F6 00          526    526 	OR    0
031A  F6 FF          527    527 	OR    0FFH
                     528    528 
031C  ED BB          529    529 	OTDR            ;21,16 Perform an OUTD and repeat until B=0.
031E  ED B3          530    530 	OTIR            ;21,16 Perform an OTI and repeat until B=0.
                     531    531 ;	OUT   (C),r     ;12 Load output port (C) with register r.
0320  ED 41          532    532 	OUT   (C),B     ;12 Load output port (C) with register r.
0322  ED 49          533    533 	OUT   (C),C     ;12 Load output port (C) with register r.
0324  ED 51          534    534 	OUT   (C),D     ;12 Load output port (C) with register r.
0326  ED 59          535    535 	OUT   (C),E     ;12 Load output port (C) with register r.
0328  ED 61          536    536 	OUT   (C),H     ;12 Load output port (C) with register r.
032A  ED 69          537    537 	OUT   (C),L     ;12 Load output port (C) with register r.
032C  ED 79          538    538 	OUT   (C),A     ;12 Load output port (C) with register r.
032E  D3 02          539    539 	OUT   (n),A     ;11 Load output port (n) with accumulator.
0330  ED AB          540    540 	OUTD            ;16 Load output port (C) with (HL), decrement HL and B.
0332  ED A3          541    541 	OUTI            ;16 Load output port (C) with (HL), incr HL, decr B.
0334  DD E1          542    542 	POP   IX        ;14 Load IX with top of stack.
0336  FD E1          543    543 	POP   IY        ;14 Load IY with top of stack.
0338  C1             544    544 	POP   BC        ;10 Load register pair BC with top of stack.
0339  D1             545    545 	POP   DE        ;10 Load register pair DE with top of stack.
033A  E1             546    546 	POP   HL        ;10 Load register pair HL with top of stack.
033B  F1             547    547 	POP   AF        ;10 Load register pair AF with top of stack.
                     548    548 
033C  DD E5          549    549 	PUSH  IX        ;15 Load IX onto stack.
033E  FD E5          550    550 	PUSH  IY        ;15 Load IY onto stack.
0340  C5             551    551 	PUSH  BC        ;11 Load register pair BC onto stack.
0341  D5             552    552 	PUSH  DE        ;11 Load register pair DE onto stack.
0342  E5             553    553 	PUSH  HL        ;11 Load register pair HL onto stack.
0343  F5             554    554 	PUSH  AF        ;11 Load register pair AF onto stack.
                     555    555 
                     556    556 ;	RES   b,r       ; 8 Reset bit b of register r.
0344  CB 80          557    557 	RES   0,B
0346  CB 88          558    558 	RES   1,B
0348  CB 90          559    559 	RES   2,B
034A  CB 98          560    560 	RES   3,B
034C  CB A0          561    561 	RES   4,B
034E  CB A8          562    562 	RES   5,B
0350  CB B0          563    563 	RES   6,B
0352  CB B8          564    564 	RES   7,B
                     565    565 
0354  CB 81          566    566 	RES   0,C
0356  CB 89          567    567 	RES   1,C
0358  CB 91          568    568 	RES   2,C
035A  CB 99          569    569 	RES   3,C
035C  CB A1          570    570 	RES   4,C
035E  CB A9          571    571 	RES   5,C
0360  CB B1          572    572 	RES   6,C
0362  CB B9          573    573 	RES   7,C
                     574    574 
0364  CB 82          575    575 	RES   0,D
0366  CB 8A          576    576 	RES   1,D
0368  CB 92          577    577 	RES   2,D
036A  CB 9A          578    578 	RES   3,D
036C  CB A2          579    579 	RES   4,D
036E  CB AA          580    580 	RES   5,D
0370  CB B2          581    581 	RES   6,D
0372  CB BA          582    582 	RES   7,D
                     583    583 
0374  CB 83          584    584 	RES   0,E
0376  CB 8B          585    585 	RES   1,E
0378  CB 93          586    586 	RES   2,E
037A  CB 9B          587    587 	RES   3,E
037C  CB A3          588    588 	RES   4,E
037E  CB AB          589    589 	RES   5,E
0380  CB B3          590    590 	RES   6,E
0382  CB BB          591    591 	RES   7,E
                     592    592 
0384  CB 84          593    593 	RES   0,H
0386  CB 8C          594    594 	RES   1,H
0388  CB 94          595    595 	RES   2,H
038A  CB 9C          596    596 	RES   3,H
038C  CB A4          597    597 	RES   4,H
038E  CB AC          598    598 	RES   5,H
0390  CB B4          599    599 	RES   6,H
0392  CB BC          600    600 	RES   7,H
                     601    601 
0394  CB 85          602    602 	RES   0,L
0396  CB 8D          603    603 	RES   1,L
0398  CB 95          604    604 	RES   2,L
039A  CB 9D          605    605 	RES   3,L
039C  CB A5          606    606 	RES   4,L
039E  CB AD          607    607 	RES   5,L
03A0  CB B5          608    608 	RES   6,L
03A2  CB BD          609    609 	RES   7,L
                     610    610 
03A4  CB 87          611    611 	RES   0,A
03A6  CB 8F          612    612 	RES   1,A
03A8  CB 97          613    613 	RES   2,A
03AA  CB 9F          614    614 	RES   3,A
03AC  CB A7          615    615 	RES   4,A
03AE  CB AF          616    616 	RES   5,A
03B0  CB B7          617    617 	RES   6,A
03B2  CB BF          618    618 	RES   7,A
                     619    619 
                     620    620 ;	RES   b,(HL)    ;15 Reset bit b in value at location (HL).
03B4  CB 86          621    621 	RES   0,(HL)
03B6  CB 8E          622    622 	RES   1,(HL)
03B8  CB 96          623    623 	RES   2,(HL)
03BA  CB 9E          624    624 	RES   3,(HL)
03BC  CB A6          625    625 	RES   4,(HL)
03BE  CB AE          626    626 	RES   5,(HL)
03C0  CB B6          627    627 	RES   6,(HL)
03C2  CB BE          628    628 	RES   7,(HL)
                     629    629 
                     630    630 ;	RES   b,(IX+DD) ;23 Reset bit b in value at location (IX+DD).
03C4  DD CB 08 86    631    631 	RES   0,(IX+DD)
03C8  DD CB 08 8E    632    632 	RES   1,(IX+DD)
03CC  DD CB 08 96    633    633 	RES   2,(IX+DD)
03D0  DD CB 08 9E    634    634 	RES   3,(IX+DD)
03D4  DD CB 08 A6    635    635 	RES   4,(IX+DD)
03D8  DD CB 08 AE    636    636 	RES   5,(IX+DD)
03DC  DD CB 08 B6    637    637 	RES   6,(IX+DD)
03E0  DD CB 08 BE    638    638 	RES   7,(IX+DD)
                     639    639 
                     640    640 ;	RES   b,(IY+DD) ;23 Reset bit b in value at location (IY+DD).
03E4  FD CB 08 86    641    641 	RES   0,(IY+DD)
03E8  FD CB 08 8E    642    642 	RES   1,(IY+DD)
03EC  FD CB 08 96    643    643 	RES   2,(IY+DD)
03F0  FD CB 08 9E    644    644 	RES   3,(IY+DD)
03F4  FD CB 08 A6    645    645 	RES   4,(IY+DD)
03F8  FD CB 08 AE    646    646 	RES   5,(IY+DD)
03FC  FD CB 08 B6    647    647 	RES   6,(IY+DD)
0400  FD CB 08 BE    648    648 	RES   7,(IY+DD)
                     649    649 
0404  C9             650    650 	RET             ;10 Return from subroutine.
                     651    651 ;	RET   cc        ;11,5 Return from subroutine if condition cc is true.
0405  ED 4D          652    652 	RETI            ;14 Return from interrupt.	JP    C,nn
0407  D0             653    653 	RET    NC
0408  F8             654    654 	RET    M
0409  F0             655    655 	RET    P
040A  E8             656    656 	RET    PE
040B  E0             657    657 	RET    PO
040C  C8             658    658 	RET    Z
040D  C0             659    659 	RET    NZ
                     660    660 
040E  ED 45          661    661 	RETN            ;14 Return from non-maskable interrupt.
                     662    662 
                     663    663 ;	RL    r         ; 8 Rotate left through register r.
0410  CB 10          664    664 	RL    B
0412  CB 11          665    665 	RL    C
0414  CB 12          666    666 	RL    D
0416  CB 13          667    667 	RL    E
0418  CB 14          668    668 	RL    H
041A  CB 15          669    669 	RL    L
041C  CB 16          670    670 	RL    (HL)      ;15 Rotate left through value at location (HL).
041E  CB 17          671    671 	RL    A
                     672    672 
0420  DD CB 08 16    673    673 	RL    (IX+DD)   ;23 Rotate left through value at location (IX+DD).
0424  FD CB 08 16    674    674 	RL    (IY+DD)   ;23 Rotate left through value at location (IY+DD).
0428  17             675    675 	RLA             ; 4 Rotate left accumulator through carry.
                     676    676 
                     677    677 ;	RLC   r         ; 8 Rotate register r left circular.
0429  CB 00          678    678 	RLC   B
042B  CB 01          679    679 	RLC   C
042D  CB 02          680    680 	RLC   D
042F  CB 03          681    681 	RLC   E
0431  CB 04          682    682 	RLC   H
0433  CB 05          683    683 	RLC   L
0435  CB 06          684    684 	RLC   (HL)      ;15 Rotate location (HL) left circular.
0437  CB 07          685    685 	RLC   A
                     686    686 
0439  DD CB 08 06    687    687 	RLC   (IX+DD)   ;23 Rotate location (IX+DD) left circular.
043D  FD CB 08 06    688    688 	RLC   (IY+DD)   ;23 Rotate location (IY+DD) left circular.
                     689    689 
0441  07             690    690 	RLCA            ; 4 Rotate left circular accumulator.
0442  ED 6F          691    691 	RLD             ;18 Rotate digit left and right between accumulator and (HL).
                     692    692 
                     693    693 ;	RR    r         ; 8 Rotate right through carry register r.
0444  CB 18          694    694 	RR    B
0446  CB 19          695    695 	RR    C
0448  CB 1A          696    696 	RR    D
044A  CB 1B          697    697 	RR    E
044C  CB 1C          698    698 	RR    H
044E  CB 1D          699    699 	RR    L
0450  CB 1E          700    700 	RR    (HL)      ;15 Rotate right through carry location (HL).
0452  CB 1F          701    701 	RR    A
                     702    702 
0454  DD CB 08 1E    703    703 	RR    (IX+DD)   ;23 Rotate right through carry location (IX+DD).
0458  FD CB 08 1E    704    704 	RR    (IY+DD)   ;23 Rotate right through carry location (IY+DD).
                     705    705 
045C  1F             706    706 	RRA             ; 4 Rotate right accumulator through carry.
                     707    707 
                     708    708 ;	RRC   r         ; 8 Rotate register r right circular.
045D  CB 08          709    709 	RRC   B
045F  CB 09          710    710 	RRC   C
0461  CB 0A          711    711 	RRC   D
0463  CB 0B          712    712 	RRC   E
0465  CB 0C          713    713 	RRC   H
0467  CB 0D          714    714 	RRC   L
0469  CB 0E          715    715 	RRC   (HL)      ;15 Rotate value at location (HL) right circular.
046B  CB 0F          716    716 	RRC   A
                     717    717 
046D  DD CB 08 0E    718    718 	RRC   (IX+DD)   ;23 Rotate value at location (IX+DD) right circular.
0471  FD CB 08 0E    719    719 	RRC   (IY+DD)   ;23 Rotate value at location (HL + DD) right circular.
                     720    720 
0475  0F             721    721 	RRCA            ; 4 Rotate right circular accumulator.
0476  ED 67          722    722 	RRD             ;18 Rotate digit right and left between accumulator and (HL).
                     723    723 
0478  C7             724    724 	RST   00h       ;11 Restart to location 0000h.
0479  CF             725    725 	RST   08h       ;11 Restart to location 0008h.
047A  D7             726    726 	RST   10h       ;11 Restart to location 0010h.
047B  DF             727    727 	RST   18h       ;11 Restart to location 0018h.
047C  E7             728    728 	RST   20h       ;11 Restart to location 0020h.
047D  EF             729    729 	RST   28h       ;11 Restart to location 0028h.
047E  F7             730    730 	RST   30h       ;11 Restart to location 0030h.
047F  FF             731    731 	RST   38h       ;11 Restart to location 0038h.
                     732    732 
                     733    733 ;	SBC   A,r       ; 4 Subtract register r from accumulator with carry.
0480  98             734    734 	SBC   A,B
0481  99             735    735 	SBC   A,C
0482  9A             736    736 	SBC   A,D
0483  9B             737    737 	SBC   A,E
0484  9C             738    738 	SBC   A,H
0485  9D             739    739 	SBC   A,L
0486  9F             740    740 	SBC   A,A
                     741    741 
0487  9E             742    742 	SBC   A,(HL)    ; 7 Subtract value at location (HL) from accu. with carry.
0488  DD 9E 08       743    743 	SBC   A,(IX+DD) ;19 Subtract value at location (IX+DD) from accu. with carry.
048B  FD 9E 08       744    744 	SBC   A,(IY+DD) ;19 Subtract value at location (IY+DD) from accu. with carry.
                     745    745 
048E  DE 02          746    746 	SBC   A,n       ; 7 Subtract value n from accumulator with carry.
                     747    747 
0490  ED 42          748    748 	SBC   HL,BC     ;15 Subtract register pair BC from HL with carry.
0492  ED 52          749    749 	SBC   HL,DE     ;15 Subtract register pair DE from HL with carry.
0494  ED 62          750    750 	SBC   HL,HL     ;15 Subtract register pair HL from HL with carry.
0496  ED 72          751    751 	SBC   HL,SP     ;15 Subtract register pair SP from HL with carry.
                     752    752 
0498  37             753    753 	SCF             ; 4 Set carry flag (C=1).
                     754    754 
                     755    755 ;	SET   b,r       ; 8 Set bit b of register r.
0499  CB C8          756    756 	SET   1,B
049B  CB D1          757    757 	SET   2,C
049D  CB DA          758    758 	SET   3,D
049F  CB E3          759    759 	SET   4,E
04A1  CB EC          760    760 	SET   5,H
04A3  CB F5          761    761 	SET   6,L
04A5  CB FF          762    762 	SET   7,A
04A7  CB C7          763    763 	SET   0,A
                     764    764 
                     765    765 ;	SET   b,(HL)    ;15 Set bit b of location (HL).
04A9  CB C6          766    766 	SET   0,(HL)
04AB  CB CE          767    767 	SET   1,(HL)
04AD  CB D6          768    768 	SET   2,(HL)
04AF  CB DE          769    769 	SET   3,(HL)
04B1  CB E6          770    770 	SET   4,(HL)
04B3  CB EE          771    771 	SET   5,(HL)
04B5  CB F6          772    772 	SET   6,(HL)
04B7  CB FE          773    773 	SET   7,(HL)
                     774    774 
                     775    775 ;	SET   b,(IX+DD) ;23 Set bit b of location (IX+DD).
04B9  DD CB 08 C6    776    776 	SET   0,(IX+DD)
04BD  DD CB 08 CE    777    777 	SET   1,(IX+DD)
04C1  DD CB 08 D6    778    778 	SET   2,(IX+DD)
04C5  DD CB 08 DE    779    779 	SET   3,(IX+DD)
04C9  DD CB 08 E6    780    780 	SET   4,(IX+DD)
04CD  DD CB 08 EE    781    781 	SET   5,(IX+DD)
04D1  DD CB 08 F6    782    782 	SET   6,(IX+DD)
04D5  DD CB 08 FE    783    783 	SET   7,(IX+DD)
                     784    784 
                     785    785 ;	SET   b,(IY+DD) ;23 Set bit b of location (IY+DD).
04D9  FD CB 08 C6    786    786 	SET   0,(IY+DD)
04DD  FD CB 08 CE    787    787 	SET   1,(IY+DD)
04E1  FD CB 08 D6    788    788 	SET   2,(IY+DD)
04E5  FD CB 08 DE    789    789 	SET   3,(IY+DD)
04E9  FD CB 08 E6    790    790 	SET   4,(IY+DD)
04ED  FD CB 08 EE    791    791 	SET   5,(IY+DD)
04F1  FD CB 08 F6    792    792 	SET   6,(IY+DD)
04F5  FD CB 08 FE    793    793 	SET   7,(IY+DD)
                     794    794 
                     795    795 ;	SLA   r         ; 8 Shift register r left arithmetic.
04F9  CB 20          796    796 	SLA   B
04FB  CB 21          797    797 	SLA   C
04FD  CB 22          798    798 	SLA   D
04FF  CB 23          799    799 	SLA   E
0501  CB 24          800    800 	SLA   H
0503  CB 25          801    801 	SLA   L
0505  CB 26          802    802 	SLA   (HL)     ;15 Shift value at location (HL) left arithmetic.
0507  CB 27          803    803 	SLA   A
                     804    804 
0509  DD CB 08 26    805    805 	SLA   (IX+DD)  ;23 Shift value at location (IX+DD) left arithmetic.
050D  FD CB 08 26    806    806 	SLA   (IY+DD)  ;23 Shift value at location (IY+DD) left arithmetic.
                     807    807 
                     808    808 ;	SRA   r        ; 8 Shift register r right arithmetic.
0511  CB 28          809    809 	SRA   B
0513  CB 29          810    810 	SRA   C
0515  CB 2A          811    811 	SRA   D
0517  CB 2B          812    812 	SRA   E
0519  CB 2C          813    813 	SRA   H
051B  CB 2D          814    814 	SRA   L
051D  CB 2E          815    815 	SRA   (HL)     ;15 Shift value at location (HL) right arithmetic.
051F  CB 2F          816    816 	SRA   A
                     817    817 
0521  DD CB 08 2E    818    818 	SRA   (IX+DD)  ;23 Shift value at location (IX+DD) right arithmetic.
0525  FD CB 08 2E    819    819 	SRA   (IY+DD)  ;23 Shift value at location (IY+DD) right arithmetic.
                     820    820 
                     821    821 ;	SRL   r        ; 8 Shift register r right logical.
0529  CB 38          822    822 	SRL   B
052B  CB 39          823    823 	SRL   C
052D  CB 3A          824    824 	SRL   D
052F  CB 3B          825    825 	SRL   E
0531  CB 3C          826    826 	SRL   H
0533  CB 3D          827    827 	SRL   L
0535  CB 3E          828    828 	SRL   (HL)     ;15 Shift value at location (HL) right logical.
0537  CB 3F          829    829 	SRL   A
                     830    830 
0539  DD CB 08 3E    831    831 	SRL   (IX+DD)  ;23 Shift value at location (IX+DD) right logical.
053D  FD CB 08 3E    832    832 	SRL   (IY+DD)  ;23 Shift value at location (IY+DD) right logical.
                     833    833 
                     834    834 ;	SUB   r        ; 4 Subtract register r from accumulator.
0541  90             835    835 	SUB   B
0542  91             836    836 	SUB   C
0543  92             837    837 	SUB   D
0544  93             838    838 	SUB   E
0545  94             839    839 	SUB   H
0546  95             840    840 	SUB   L
0547  96             841    841 	SUB   (HL)     ; 7 Subtract location (HL) from accumulator.
0548  97             842    842 	SUB   A
                     843    843 
0549  DD 96 08       844    844 	SUB   (IX+DD)  ;19 Subtract location (IX+DD) from accumulator.
054C  FD 96 08       845    845 	SUB   (IY+DD)  ;19 Subtract location (IY+DD) from accumulator.
                     846    846 
054F  D6 02          847    847 	SUB   n        ; 7 Subtract value n from accumulator.
                     848    848 
                     849    849 ;	XOR   r        ; 4 Exclusive OR register r and accumulator.
0551  A8             850    850 	XOR   B
0552  A9             851    851 	XOR   C
0553  AA             852    852 	XOR   D
0554  AB             853    853 	XOR   E
0555  AC             854    854 	XOR   H
0556  AD             855    855 	XOR   L
0557  AE             856    856 	XOR   (HL)     ; 7 Exclusive OR value at location (HL) and accumulator.
0558  AF             857    857 	XOR   A
                     858    858 
0559  DD AE 08       859    859 	XOR   (IX+DD)  ;19 Exclusive OR value at location (IX+DD) and accumulator.
055C  FD AE 08       860    860 	XOR   (IY+DD)  ;19 Exclusive OR value at location (IY+DD) and accumulator.
                     861    861 
055F  EE 02          862    862 	XOR   n        ; 7 Exclusive OR value n and accumulator.
                     863    863 
                     864    864 ;Undocumented opcodes
                     865    865 
                     866    866 ;	SLL	r	       ; 8 Shift logical left register r (sets bit 0)
0561  CB 30          867    867 	SLL	B	       ;Equivalent: LD B, (2*B)+1 aka B = 2 * B + 1;
0563  CB 31          868    868 	SLL	C
0565  CB 32          869    869 	SLL	D
0567  CB 33          870    870 	SLL E
0569  CB 34          871    871 	SLL H
056B  CB 35          872    872 	SLL L
056D  CB 36          873    873 	SLL (HL)
056F  CB 37          874    874 	SLL A
                     875    875 
                     876    876 ;	SLL   (IX+DD),r	;23 Shift left logical at loctation (IX+DD) and store in register r
0571  DD CB 08 30    877    877 	SLL   (IX+DD),B	;Equivalent: LD r, (2*(IX+DD))+1
0575  DD CB 08 31    878    878 	SLL   (IX+DD),C
0579  DD CB 08 32    879    879 	SLL   (IX+DD),D
057D  DD CB 08 33    880    880 	SLL   (IX+DD),E
0581  DD CB 08 34    881    881 	SLL   (IX+DD),H
0585  DD CB 08 35    882    882 	SLL   (IX+DD),L
0589  DD CB 08 36    883    883 	SLL   (IX+DD)		;Shift value at location (IX+DD) left logical.
058D  DD CB 08 37    884    884 	SLL   (IX+DD),A
                     885    885 
0591  FD CB 08 30    886    886 	SLL   (IY+DD),B
0595  FD CB 08 31    887    887 	SLL   (IY+DD),C
0599  FD CB 08 32    888    888 	SLL   (IY+DD),D
059D  FD CB 08 33    889    889 	SLL   (IY+DD),E
05A1  FD CB 08 34    890    890 	SLL   (IY+DD),H
05A5  FD CB 08 35    891    891 	SLL   (IY+DD),L
05A9  FD CB 08 36    892    892 	SLL   (IY+DD)		;Shift value at location (IY+DD) left logical.
05AD  FD CB 08 37    893    893 	SLL   (IY+DD),A
                     894    894 END:

DD       0008	END      05B1	N        0002	NN       DEAD	
TAG0     013B	TAG1     019B	